TN:
SF:eslint.config.js
FN:1,(empty-report)
FNF:1
FNH:0
FNDA:0,(empty-report)
DA:1,0
DA:2,0
DA:3,0
DA:4,0
DA:5,0
DA:6,0
DA:7,0
DA:8,0
DA:9,0
DA:10,0
DA:11,0
DA:12,0
DA:13,0
DA:14,0
DA:15,0
DA:16,0
DA:17,0
DA:18,0
DA:19,0
DA:20,0
DA:21,0
DA:22,0
DA:23,0
DA:24,0
DA:25,0
DA:26,0
DA:27,0
DA:28,0
DA:29,0
LF:29
LH:0
BRDA:1,0,0,0
BRF:1
BRH:0
end_of_record
TN:
SF:vite.config.ts
FN:1,(empty-report)
FNF:1
FNH:0
FNDA:0,(empty-report)
DA:1,0
DA:2,0
DA:3,0
DA:4,0
DA:5,0
DA:6,0
DA:7,0
LF:7
LH:0
BRDA:1,0,0,0
BRF:1
BRH:0
end_of_record
TN:
SF:vitest.config.ts
FN:1,(empty-report)
FNF:1
FNH:0
FNDA:0,(empty-report)
DA:1,0
DA:2,0
DA:3,0
DA:4,0
DA:5,0
DA:6,0
DA:7,0
DA:8,0
DA:9,0
DA:10,0
DA:11,0
DA:12,0
DA:13,0
DA:14,0
DA:15,0
DA:16,0
LF:16
LH:0
BRDA:1,0,0,0
BRF:1
BRH:0
end_of_record
TN:
SF:src/App.tsx
FN:4,App
FNF:1
FNH:1
FNDA:1,App
DA:1,1
DA:2,1
DA:4,1
DA:5,1
DA:6,1
DA:7,1
DA:8,1
DA:9,1
DA:10,1
DA:11,1
DA:12,1
DA:14,1
LF:12
LH:12
BRDA:4,0,0,1
BRF:1
BRH:1
end_of_record
TN:
SF:src/routes.tsx
FN:1,(empty-report)
FNF:1
FNH:0
FNDA:0,(empty-report)
DA:1,0
DA:2,0
DA:3,0
DA:4,0
DA:5,0
DA:6,0
DA:7,0
DA:8,0
DA:9,0
DA:10,0
DA:11,0
DA:12,0
DA:13,0
DA:14,0
DA:15,0
DA:16,0
LF:16
LH:0
BRDA:1,0,0,0
BRF:1
BRH:0
end_of_record
TN:
SF:src/types.ts
FN:1,(empty-report)
FNF:1
FNH:0
FNDA:0,(empty-report)
DA:1,0
DA:2,0
DA:3,0
DA:4,0
DA:5,0
DA:6,0
LF:6
LH:0
BRDA:1,0,0,0
BRF:1
BRH:0
end_of_record
TN:
SF:src/components/Header.tsx
FN:4,Header
FNF:1
FNH:1
FNDA:4,Header
DA:1,1
DA:2,1
DA:4,4
DA:5,4
DA:6,4
DA:7,4
DA:8,4
DA:9,4
DA:10,4
DA:11,4
DA:13,4
LF:11
LH:11
BRDA:4,0,0,4
BRF:1
BRH:1
end_of_record
TN:
SF:src/components/ProductCard.tsx
FN:4,ProductCard
FN:11,onClick
FNF:2
FNH:2
FNDA:8,ProductCard
FNDA:2,onClick
DA:2,1
DA:4,8
DA:5,8
DA:6,8
DA:7,8
DA:8,8
DA:9,8
DA:10,8
DA:11,8
DA:12,8
DA:14,8
LF:11
LH:11
BRDA:4,0,0,8
BRDA:11,1,0,2
BRF:2
BRH:2
end_of_record
TN:
SF:src/context/CartContext.tsx
FN:21,reducer
FN:41,CartProvider
FN:44,addToCart
FN:45,removeFromCart
FN:46,clearCart
FN:56,useCart
FNF:6
FNH:4
FNDA:4,reducer
FNDA:6,CartProvider
FNDA:4,addToCart
FNDA:0,removeFromCart
FNDA:0,clearCart
FNDA:14,useCart
DA:1,1
DA:12,1
DA:19,1
DA:21,4
DA:22,4
DA:23,4
DA:24,4
DA:25,4
DA:26,1
DA:27,1
DA:28,1
DA:29,1
DA:30,3
DA:31,3
DA:32,4
DA:33,0
DA:34,4
DA:35,0
DA:36,4
DA:37,0
DA:38,4
DA:39,4
DA:41,1
DA:42,6
DA:44,6
DA:45,6
DA:46,6
DA:48,6
DA:49,6
DA:51,6
DA:53,6
DA:54,6
DA:56,1
DA:57,14
DA:58,14
DA:59,14
DA:60,14
LF:37
LH:34
BRDA:21,0,0,4
BRDA:25,1,0,3
BRDA:25,2,0,1
BRDA:32,3,0,0
BRDA:34,4,0,0
BRDA:36,5,0,0
BRDA:24,6,0,1
BRDA:27,7,0,1
BRDA:27,8,0,0
BRDA:41,9,0,6
BRDA:44,10,0,4
BRDA:48,11,0,3
BRDA:49,12,0,3
BRDA:51,13,0,6
BRDA:56,14,0,14
BRDA:58,15,0,0
BRF:16
BRH:11
end_of_record
TN:
SF:src/data/products.ts
FNF:0
FNH:0
DA:3,1
DA:4,1
DA:5,1
DA:6,1
DA:7,1
LF:5
LH:5
BRF:0
BRH:0
end_of_record
TN:
SF:src/pages/Cart.tsx
FN:3,Cart
FNF:1
FNH:0
FNDA:0,Cart
DA:1,1
DA:3,0
DA:4,0
DA:5,0
DA:6,0
DA:7,0
DA:8,0
DA:9,0
DA:10,0
DA:11,0
DA:12,0
DA:13,0
DA:14,0
DA:15,0
DA:16,0
DA:17,0
DA:18,0
DA:19,0
DA:20,0
DA:22,0
DA:24,0
LF:21
LH:1
BRF:0
BRH:0
end_of_record
TN:
SF:src/pages/Home.tsx
FN:1,Home
FNF:1
FNH:0
FNDA:0,Home
DA:1,0
DA:2,0
DA:3,0
DA:4,0
DA:5,0
DA:6,0
DA:8,0
LF:7
LH:0
BRF:0
BRH:0
end_of_record
TN:
SF:src/pages/Products.tsx
FN:4,Products
FNF:1
FNH:1
FNDA:1,Products
DA:1,1
DA:2,1
DA:4,1
DA:5,1
DA:6,1
DA:7,1
DA:8,1
DA:10,1
LF:8
LH:8
BRDA:4,0,0,1
BRDA:7,1,0,3
BRF:2
BRH:2
end_of_record
